Determining if the pthread_create exist failed with the following output:
Change Dir: /home/rahul/Work/LiveGoggle/Code/popsift/CMakeFiles/CMakeTmp

Run Build Command:"/usr/bin/make" "cmTC_5d7c6/fast"
/usr/bin/make -f CMakeFiles/cmTC_5d7c6.dir/build.make CMakeFiles/cmTC_5d7c6.dir/build
make[1]: Entering directory '/home/rahul/Work/LiveGoggle/Code/popsift/CMakeFiles/CMakeTmp'
Building CXX object CMakeFiles/cmTC_5d7c6.dir/CheckSymbolExists.cxx.o
/usr/bin/g++    -fPIE   -o CMakeFiles/cmTC_5d7c6.dir/CheckSymbolExists.cxx.o -c /home/rahul/Work/LiveGoggle/Code/popsift/CMakeFiles/CMakeTmp/CheckSymbolExists.cxx
Linking CXX executable cmTC_5d7c6
/usr/bin/cmake -E cmake_link_script CMakeFiles/cmTC_5d7c6.dir/link.txt --verbose=1
/usr/bin/g++       CMakeFiles/cmTC_5d7c6.dir/CheckSymbolExists.cxx.o  -o cmTC_5d7c6 
CMakeFiles/cmTC_5d7c6.dir/CheckSymbolExists.cxx.o: In function `main':
CheckSymbolExists.cxx:(.text+0x1b): undefined reference to `pthread_create'
collect2: error: ld returned 1 exit status
CMakeFiles/cmTC_5d7c6.dir/build.make:97: recipe for target 'cmTC_5d7c6' failed
make[1]: *** [cmTC_5d7c6] Error 1
make[1]: Leaving directory '/home/rahul/Work/LiveGoggle/Code/popsift/CMakeFiles/CMakeTmp'
Makefile:126: recipe for target 'cmTC_5d7c6/fast' failed
make: *** [cmTC_5d7c6/fast] Error 2

File /home/rahul/Work/LiveGoggle/Code/popsift/CMakeFiles/CMakeTmp/CheckSymbolExists.cxx:
/* */
#include <pthread.h>

int main(int argc, char** argv)
{
  (void)argv;
#ifndef pthread_create
  return ((int*)(&pthread_create))[argc];
#else
  (void)argc;
  return 0;
#endif
}

Determining if the function pthread_create exists in the pthreads failed with the following output:
Change Dir: /home/rahul/Work/LiveGoggle/Code/popsift/CMakeFiles/CMakeTmp

Run Build Command:"/usr/bin/make" "cmTC_a5a05/fast"
/usr/bin/make -f CMakeFiles/cmTC_a5a05.dir/build.make CMakeFiles/cmTC_a5a05.dir/build
make[1]: Entering directory '/home/rahul/Work/LiveGoggle/Code/popsift/CMakeFiles/CMakeTmp'
Building CXX object CMakeFiles/cmTC_a5a05.dir/CheckFunctionExists.cxx.o
/usr/bin/g++    -DCHECK_FUNCTION_EXISTS=pthread_create -fPIE   -o CMakeFiles/cmTC_a5a05.dir/CheckFunctionExists.cxx.o -c /home/rahul/Work/LiveGoggle/Code/popsift/CMakeFiles/CheckLibraryExists/CheckFunctionExists.cxx
Linking CXX executable cmTC_a5a05
/usr/bin/cmake -E cmake_link_script CMakeFiles/cmTC_a5a05.dir/link.txt --verbose=1
/usr/bin/g++   -DCHECK_FUNCTION_EXISTS=pthread_create    CMakeFiles/cmTC_a5a05.dir/CheckFunctionExists.cxx.o  -o cmTC_a5a05 -lpthreads 
/usr/bin/ld: cannot find -lpthreads
collect2: error: ld returned 1 exit status
CMakeFiles/cmTC_a5a05.dir/build.make:97: recipe for target 'cmTC_a5a05' failed
make[1]: *** [cmTC_a5a05] Error 1
make[1]: Leaving directory '/home/rahul/Work/LiveGoggle/Code/popsift/CMakeFiles/CMakeTmp'
Makefile:126: recipe for target 'cmTC_a5a05/fast' failed
make: *** [cmTC_a5a05/fast] Error 2


Performing C++ SOURCE FILE Test CMAKE_HAVE_LIBC_PTHREAD failed with the following output:
Change Dir: /home/rahul/Work/LiveGoggle/Code/popsift/CMakeFiles/CMakeTmp

Run Build Command(s):/usr/bin/make -f Makefile cmTC_51aa7/fast && /usr/bin/make  -f CMakeFiles/cmTC_51aa7.dir/build.make CMakeFiles/cmTC_51aa7.dir/build
make[1]: Entering directory '/home/rahul/Work/LiveGoggle/Code/popsift/CMakeFiles/CMakeTmp'
Building CXX object CMakeFiles/cmTC_51aa7.dir/src.cxx.o
/usr/bin/g++ -DCMAKE_HAVE_LIBC_PTHREAD  -fPIE -o CMakeFiles/cmTC_51aa7.dir/src.cxx.o -c /home/rahul/Work/LiveGoggle/Code/popsift/CMakeFiles/CMakeTmp/src.cxx
Linking CXX executable cmTC_51aa7
/snap/cmake/1000/bin/cmake -E cmake_link_script CMakeFiles/cmTC_51aa7.dir/link.txt --verbose=1
/usr/bin/g++ CMakeFiles/cmTC_51aa7.dir/src.cxx.o -o cmTC_51aa7 
CMakeFiles/cmTC_51aa7.dir/src.cxx.o: In function `main':
src.cxx:(.text+0x3e): undefined reference to `pthread_create'
src.cxx:(.text+0x4a): undefined reference to `pthread_detach'
src.cxx:(.text+0x56): undefined reference to `pthread_cancel'
src.cxx:(.text+0x67): undefined reference to `pthread_join'
src.cxx:(.text+0x7b): undefined reference to `pthread_atfork'
collect2: error: ld returned 1 exit status
CMakeFiles/cmTC_51aa7.dir/build.make:98: recipe for target 'cmTC_51aa7' failed
make[1]: *** [cmTC_51aa7] Error 1
make[1]: Leaving directory '/home/rahul/Work/LiveGoggle/Code/popsift/CMakeFiles/CMakeTmp'
Makefile:127: recipe for target 'cmTC_51aa7/fast' failed
make: *** [cmTC_51aa7/fast] Error 2


Source file was:
#include <pthread.h>

static void* test_func(void* data)
{
  return data;
}

int main(void)
{
  pthread_t thread;
  pthread_create(&thread, NULL, test_func, NULL);
  pthread_detach(thread);
  pthread_cancel(thread);
  pthread_join(thread, NULL);
  pthread_atfork(NULL, NULL, NULL);
  pthread_exit(NULL);

  return 0;
}

